{
  "0 debug pnpm:scope": {
    "selected": 1,
    "workspacePrefix": "/Users/sek/Documents/sekDavara/projects/react/ensemble-react-main"
  },
  "1 error pnpm": {
    "code": "ELIFECYCLE",
    "errno": "ENOENT",
    "syscall": "spawn",
    "file": "sh",
    "pkgid": "@ensembleui/react-framework@0.2.5",
    "stage": "build",
    "script": "tsup",
    "pkgname": "@ensembleui/react-framework",
    "err": {
      "name": "pnpm",
      "message": "@ensembleui/react-framework@0.2.5 build: `tsup`\nspawn ENOENT",
      "code": "ELIFECYCLE",
      "stack": "pnpm: @ensembleui/react-framework@0.2.5 build: `tsup`\nspawn ENOENT\n    at ChildProcess.<anonymous> (/Users/sek/.cache/node/corepack/pnpm/6.32.2/dist/pnpm.cjs:92254:22)\n    at ChildProcess.emit (node:events:513:28)\n    at maybeClose (node:internal/child_process:1091:16)\n    at ChildProcess._handle.onexit (node:internal/child_process:302:5)"
    }
  },
  "2 warn pnpm:global": " Local package.json exists, but node_modules missing, did you mean to install?"
}